# This file contains information about inputs as read by the program

 Population size = 200
 Number of generations = 200
 Number of objective functions = 2
 Number of constraints = 0
 Number of real variables = 30
 Lower limit of real variable 1 = 1.000000e-06
 Upper limit of real variable 1 = 4.000000e-06
 Lower limit of real variable 2 = 1.000000e-06
 Upper limit of real variable 2 = 4.000000e-06
 Lower limit of real variable 3 = 1.000000e-06
 Upper limit of real variable 3 = 4.000000e-06
 Lower limit of real variable 4 = 1.000000e-06
 Upper limit of real variable 4 = 4.000000e-06
 Lower limit of real variable 5 = 1.000000e-06
 Upper limit of real variable 5 = 4.000000e-06
 Lower limit of real variable 6 = 1.000000e-06
 Upper limit of real variable 6 = 4.000000e-06
 Lower limit of real variable 7 = 1.000000e-06
 Upper limit of real variable 7 = 4.000000e-06
 Lower limit of real variable 8 = 1.000000e-06
 Upper limit of real variable 8 = 4.000000e-06
 Lower limit of real variable 9 = 1.000000e-06
 Upper limit of real variable 9 = 4.000000e-06
 Lower limit of real variable 10 = 1.000000e-06
 Upper limit of real variable 10 = 4.000000e-06
 Lower limit of real variable 11 = 1.000000e-06
 Upper limit of real variable 11 = 4.000000e-06
 Lower limit of real variable 12 = 1.000000e-06
 Upper limit of real variable 12 = 4.000000e-06
 Lower limit of real variable 13 = 1.000000e-06
 Upper limit of real variable 13 = 4.000000e-06
 Lower limit of real variable 14 = 1.000000e-06
 Upper limit of real variable 14 = 4.000000e-06
 Lower limit of real variable 15 = 1.000000e-06
 Upper limit of real variable 15 = 4.000000e-06
 Lower limit of real variable 16 = 1.000000e-06
 Upper limit of real variable 16 = 4.000000e-06
 Lower limit of real variable 17 = 1.000000e-06
 Upper limit of real variable 17 = 4.000000e-06
 Lower limit of real variable 18 = 1.000000e-06
 Upper limit of real variable 18 = 4.000000e-06
 Lower limit of real variable 19 = 1.000000e-06
 Upper limit of real variable 19 = 4.000000e-06
 Lower limit of real variable 20 = 1.000000e-06
 Upper limit of real variable 20 = 4.000000e-06
 Lower limit of real variable 21 = 1.000000e-06
 Upper limit of real variable 21 = 4.000000e-06
 Lower limit of real variable 22 = 1.000000e-06
 Upper limit of real variable 22 = 4.000000e-06
 Lower limit of real variable 23 = 1.000000e-06
 Upper limit of real variable 23 = 4.000000e-06
 Lower limit of real variable 24 = 1.000000e-06
 Upper limit of real variable 24 = 4.000000e-06
 Lower limit of real variable 25 = 1.000000e-06
 Upper limit of real variable 25 = 4.000000e-06
 Lower limit of real variable 26 = 1.000000e-06
 Upper limit of real variable 26 = 4.000000e-06
 Lower limit of real variable 27 = 1.000000e-06
 Upper limit of real variable 27 = 4.000000e-06
 Lower limit of real variable 28 = 1.000000e-06
 Upper limit of real variable 28 = 4.000000e-06
 Lower limit of real variable 29 = 1.000000e-06
 Upper limit of real variable 29 = 4.000000e-06
 Lower limit of real variable 30 = 1.000000e-06
 Upper limit of real variable 30 = 4.000000e-06
 Probability of crossover of real variable = 9.000000e-01
 Probability of mutation of real variable = 2.000000e-01
 Distribution index for crossover = 1.000000e+01
 Distribution index for mutation = 1.000000e+01
 Number of binary variables = 0
 Seed for random number generator = 5.000000e-01
 Number of crossover of real variable = 17991
 Number of mutation of real variable = 239517