# This file contains information about inputs as read by the program

 Population size = 100
 Number of generations = 100
 Number of objective functions = 2
 Number of constraints = 0
 Number of real variables = 4
 Lower limit of real variable 1 = 1.000000e+01
 Upper limit of real variable 1 = 5.000000e+01
 Lower limit of real variable 2 = 1.000000e+01
 Upper limit of real variable 2 = 8.000000e+01
 Lower limit of real variable 3 = 6.000000e-03
 Upper limit of real variable 3 = 1.500000e-02
 Lower limit of real variable 4 = 1.000000e-02
 Upper limit of real variable 4 = 2.000000e-02
 Probability of crossover of real variable = 9.000000e-01
 Probability of mutation of real variable = 2.000000e-01
 Distribution index for crossover = 1.000000e+01
 Distribution index for mutation = 1.000000e+01
 Number of binary variables = 0
 Seed for random number generator = 5.000000e-01
 Number of crossover of real variable = 4432
 Number of mutation of real variable = 7843